[debug] [2023-02-14T02:14:05.653Z] ----------------------------------------------------------------------
[debug] [2023-02-14T02:14:05.655Z] Command:       /Users/jimmy/.nvm/versions/node/v16.13.0/bin/node /Users/jimmy/.nvm/versions/node/v16.13.0/bin/firebase deploy
[debug] [2023-02-14T02:14:05.655Z] CLI Version:   11.18.0
[debug] [2023-02-14T02:14:05.655Z] Platform:      darwin
[debug] [2023-02-14T02:14:05.656Z] Node Version:  v16.13.0
[debug] [2023-02-14T02:14:05.656Z] Time:          Mon Feb 13 2023 18:14:05 GMT-0800 (Pacific Standard Time)
[debug] [2023-02-14T02:14:05.657Z] ----------------------------------------------------------------------
[debug] 
[debug] [2023-02-14T02:14:05.704Z] > command requires scopes: ["email","openid","https://www.googleapis.com/auth/cloudplatformprojects.readonly","https://www.googleapis.com/auth/firebase","https://www.googleapis.com/auth/cloud-platform"]
[debug] [2023-02-14T02:14:05.704Z] > authorizing via signed-in user (jimmy@nftconcerts.com)
[debug] [2023-02-14T02:14:05.704Z] [iam] checking project nftconcerts-v1 for permissions ["cloudfunctions.functions.create","cloudfunctions.functions.delete","cloudfunctions.functions.get","cloudfunctions.functions.list","cloudfunctions.functions.update","cloudfunctions.operations.get","datastore.indexes.create","datastore.indexes.delete","datastore.indexes.list","datastore.indexes.update","firebase.projects.get","firebasehosting.sites.update","firebaserules.releases.create","firebaserules.releases.update","firebaserules.rulesets.create"]
[debug] [2023-02-14T02:14:05.705Z] > refreshing access token with scopes: []
[debug] [2023-02-14T02:14:05.706Z] >>> [apiv2][query] POST https://www.googleapis.com/oauth2/v3/token [none]
[debug] [2023-02-14T02:14:05.706Z] >>> [apiv2][body] POST https://www.googleapis.com/oauth2/v3/token [omitted]
[debug] [2023-02-14T02:14:05.957Z] <<< [apiv2][status] POST https://www.googleapis.com/oauth2/v3/token 200
[debug] [2023-02-14T02:14:05.957Z] <<< [apiv2][body] POST https://www.googleapis.com/oauth2/v3/token [omitted]
[debug] [2023-02-14T02:14:06.015Z] >>> [apiv2][query] POST https://cloudresourcemanager.googleapis.com/v1/projects/nftconcerts-v1:testIamPermissions [none]
[debug] [2023-02-14T02:14:06.015Z] >>> [apiv2][(partial)header] POST https://cloudresourcemanager.googleapis.com/v1/projects/nftconcerts-v1:testIamPermissions x-goog-quota-user=projects/nftconcerts-v1
[debug] [2023-02-14T02:14:06.015Z] >>> [apiv2][body] POST https://cloudresourcemanager.googleapis.com/v1/projects/nftconcerts-v1:testIamPermissions {"permissions":["cloudfunctions.functions.create","cloudfunctions.functions.delete","cloudfunctions.functions.get","cloudfunctions.functions.list","cloudfunctions.functions.update","cloudfunctions.operations.get","datastore.indexes.create","datastore.indexes.delete","datastore.indexes.list","datastore.indexes.update","firebase.projects.get","firebasehosting.sites.update","firebaserules.releases.create","firebaserules.releases.update","firebaserules.rulesets.create"]}
[debug] [2023-02-14T02:14:06.365Z] <<< [apiv2][status] POST https://cloudresourcemanager.googleapis.com/v1/projects/nftconcerts-v1:testIamPermissions 200
[debug] [2023-02-14T02:14:06.365Z] <<< [apiv2][body] POST https://cloudresourcemanager.googleapis.com/v1/projects/nftconcerts-v1:testIamPermissions {"permissions":["cloudfunctions.functions.create","cloudfunctions.functions.delete","cloudfunctions.functions.get","cloudfunctions.functions.list","cloudfunctions.functions.update","cloudfunctions.operations.get","datastore.indexes.create","datastore.indexes.delete","datastore.indexes.list","datastore.indexes.update","firebase.projects.get","firebasehosting.sites.update","firebaserules.releases.create","firebaserules.releases.update","firebaserules.rulesets.create"]}
[debug] [2023-02-14T02:14:06.365Z] >>> [apiv2][query] POST https://iam.googleapis.com/v1/projects/nftconcerts-v1/serviceAccounts/nftconcerts-v1@appspot.gserviceaccount.com:testIamPermissions [none]
[debug] [2023-02-14T02:14:06.365Z] >>> [apiv2][body] POST https://iam.googleapis.com/v1/projects/nftconcerts-v1/serviceAccounts/nftconcerts-v1@appspot.gserviceaccount.com:testIamPermissions {"permissions":["iam.serviceAccounts.actAs"]}
[debug] [2023-02-14T02:14:06.801Z] <<< [apiv2][status] POST https://iam.googleapis.com/v1/projects/nftconcerts-v1/serviceAccounts/nftconcerts-v1@appspot.gserviceaccount.com:testIamPermissions 200
[debug] [2023-02-14T02:14:06.801Z] <<< [apiv2][body] POST https://iam.googleapis.com/v1/projects/nftconcerts-v1/serviceAccounts/nftconcerts-v1@appspot.gserviceaccount.com:testIamPermissions {"permissions":["iam.serviceAccounts.actAs"]}
[debug] [2023-02-14T02:14:06.802Z] >>> [apiv2][query] GET https://firebase.googleapis.com/v1beta1/projects/nftconcerts-v1 [none]
[debug] [2023-02-14T02:14:07.063Z] <<< [apiv2][status] GET https://firebase.googleapis.com/v1beta1/projects/nftconcerts-v1 200
[debug] [2023-02-14T02:14:07.063Z] <<< [apiv2][body] GET https://firebase.googleapis.com/v1beta1/projects/nftconcerts-v1 {"projectId":"nftconcerts-v1","projectNumber":"383291043901","displayName":"nftconcerts-v1","name":"projects/nftconcerts-v1","resources":{"hostingSite":"nftconcerts-v1","realtimeDatabaseInstance":"nftconcerts-v1-default-rtdb","storageBucket":"nftconcerts-v1.appspot.com","locationId":"us-central"},"state":"ACTIVE","etag":"1_60f91cbb-f4a0-4d8a-8ea7-610b2b83e6ff"}
[info] 
[info] === Deploying to 'nftconcerts-v1'...
[info] 
[info] i  deploying storage, firestore, functions, hosting 
[debug] [2023-02-14T02:14:07.065Z] >>> [apiv2][query] GET https://appengine.googleapis.com/v1/apps/nftconcerts-v1 [none]
[debug] [2023-02-14T02:14:07.555Z] <<< [apiv2][status] GET https://appengine.googleapis.com/v1/apps/nftconcerts-v1 200
[debug] [2023-02-14T02:14:07.555Z] <<< [apiv2][body] GET https://appengine.googleapis.com/v1/apps/nftconcerts-v1 {"name":"apps/nftconcerts-v1","id":"nftconcerts-v1","authDomain":"gmail.com","locationId":"us-central","codeBucket":"staging.nftconcerts-v1.appspot.com","servingStatus":"SERVING","defaultHostname":"nftconcerts-v1.uc.r.appspot.com","defaultBucket":"nftconcerts-v1.appspot.com","serviceAccount":"nftconcerts-v1@appspot.gserviceaccount.com","gcrDomain":"us.gcr.io","databaseType":"CLOUD_FIRESTORE","featureSettings":{"splitHealthChecks":true,"useContainerOptimizedOs":true}}
[info] i  firebase.storage: checking storage.rules for compilation errors... 
[debug] [2023-02-14T02:14:07.557Z] >>> [apiv2][query] POST https://firebaserules.googleapis.com/v1/projects/nftconcerts-v1:test [none]
[debug] [2023-02-14T02:14:07.557Z] >>> [apiv2][body] POST https://firebaserules.googleapis.com/v1/projects/nftconcerts-v1:test [omitted]
[debug] [2023-02-14T02:14:08.079Z] <<< [apiv2][status] POST https://firebaserules.googleapis.com/v1/projects/nftconcerts-v1:test 200
[debug] [2023-02-14T02:14:08.079Z] <<< [apiv2][body] POST https://firebaserules.googleapis.com/v1/projects/nftconcerts-v1:test {}
[info] ✔  firebase.storage: rules file storage.rules compiled successfully 
[info] i  firestore: reading indexes from firestore.indexes.json... 
[info] i  cloud.firestore: checking firestore.rules for compilation errors... 
[debug] [2023-02-14T02:14:08.081Z] >>> [apiv2][query] POST https://firebaserules.googleapis.com/v1/projects/nftconcerts-v1:test [none]
[debug] [2023-02-14T02:14:08.081Z] >>> [apiv2][body] POST https://firebaserules.googleapis.com/v1/projects/nftconcerts-v1:test [omitted]
[debug] [2023-02-14T02:14:08.376Z] <<< [apiv2][status] POST https://firebaserules.googleapis.com/v1/projects/nftconcerts-v1:test 200
[debug] [2023-02-14T02:14:08.376Z] <<< [apiv2][body] POST https://firebaserules.googleapis.com/v1/projects/nftconcerts-v1:test {}
[info] ✔  cloud.firestore: rules file firestore.rules compiled successfully 
[debug] [2023-02-14T02:14:08.377Z] >>> [apiv2][query] GET https://firebase.googleapis.com/v1beta1/projects/nftconcerts-v1 [none]
[debug] [2023-02-14T02:14:08.898Z] <<< [apiv2][status] GET https://firebase.googleapis.com/v1beta1/projects/nftconcerts-v1 200
[debug] [2023-02-14T02:14:08.898Z] <<< [apiv2][body] GET https://firebase.googleapis.com/v1beta1/projects/nftconcerts-v1 {"projectId":"nftconcerts-v1","projectNumber":"383291043901","displayName":"nftconcerts-v1","name":"projects/nftconcerts-v1","resources":{"hostingSite":"nftconcerts-v1","realtimeDatabaseInstance":"nftconcerts-v1-default-rtdb","storageBucket":"nftconcerts-v1.appspot.com","locationId":"us-central"},"state":"ACTIVE","etag":"1_60f91cbb-f4a0-4d8a-8ea7-610b2b83e6ff"}
[info] i  functions: ensuring required API cloudfunctions.googleapis.com is enabled... 
[info] i  functions: ensuring required API cloudbuild.googleapis.com is enabled... 
[info] i  artifactregistry: ensuring required API artifactregistry.googleapis.com is enabled... 
[debug] [2023-02-14T02:14:08.899Z] >>> [apiv2][query] GET https://serviceusage.googleapis.com/v1/projects/nftconcerts-v1/services/cloudfunctions.googleapis.com [none]
[debug] [2023-02-14T02:14:08.899Z] >>> [apiv2][(partial)header] GET https://serviceusage.googleapis.com/v1/projects/nftconcerts-v1/services/cloudfunctions.googleapis.com x-goog-quota-user=projects/nftconcerts-v1
[debug] [2023-02-14T02:14:08.900Z] >>> [apiv2][query] GET https://serviceusage.googleapis.com/v1/projects/nftconcerts-v1/services/runtimeconfig.googleapis.com [none]
[debug] [2023-02-14T02:14:08.900Z] >>> [apiv2][(partial)header] GET https://serviceusage.googleapis.com/v1/projects/nftconcerts-v1/services/runtimeconfig.googleapis.com x-goog-quota-user=projects/nftconcerts-v1
[debug] [2023-02-14T02:14:08.901Z] >>> [apiv2][query] GET https://serviceusage.googleapis.com/v1/projects/nftconcerts-v1/services/cloudbuild.googleapis.com [none]
[debug] [2023-02-14T02:14:08.901Z] >>> [apiv2][(partial)header] GET https://serviceusage.googleapis.com/v1/projects/nftconcerts-v1/services/cloudbuild.googleapis.com x-goog-quota-user=projects/nftconcerts-v1
[debug] [2023-02-14T02:14:08.901Z] >>> [apiv2][query] GET https://serviceusage.googleapis.com/v1/projects/nftconcerts-v1/services/artifactregistry.googleapis.com [none]
[debug] [2023-02-14T02:14:08.902Z] >>> [apiv2][(partial)header] GET https://serviceusage.googleapis.com/v1/projects/nftconcerts-v1/services/artifactregistry.googleapis.com x-goog-quota-user=projects/nftconcerts-v1
[debug] [2023-02-14T02:14:09.494Z] <<< [apiv2][status] GET https://serviceusage.googleapis.com/v1/projects/nftconcerts-v1/services/artifactregistry.googleapis.com 200
[debug] [2023-02-14T02:14:09.494Z] <<< [apiv2][body] GET https://serviceusage.googleapis.com/v1/projects/nftconcerts-v1/services/artifactregistry.googleapis.com [omitted]
[info] ✔  artifactregistry: required API artifactregistry.googleapis.com is enabled 
[debug] [2023-02-14T02:14:09.507Z] <<< [apiv2][status] GET https://serviceusage.googleapis.com/v1/projects/nftconcerts-v1/services/cloudbuild.googleapis.com 200
[debug] [2023-02-14T02:14:09.507Z] <<< [apiv2][body] GET https://serviceusage.googleapis.com/v1/projects/nftconcerts-v1/services/cloudbuild.googleapis.com [omitted]
[info] ✔  functions: required API cloudbuild.googleapis.com is enabled 
[debug] [2023-02-14T02:14:09.528Z] <<< [apiv2][status] GET https://serviceusage.googleapis.com/v1/projects/nftconcerts-v1/services/cloudfunctions.googleapis.com 200
[debug] [2023-02-14T02:14:09.528Z] <<< [apiv2][body] GET https://serviceusage.googleapis.com/v1/projects/nftconcerts-v1/services/cloudfunctions.googleapis.com [omitted]
[info] ✔  functions: required API cloudfunctions.googleapis.com is enabled 
[debug] [2023-02-14T02:14:09.531Z] <<< [apiv2][status] GET https://serviceusage.googleapis.com/v1/projects/nftconcerts-v1/services/runtimeconfig.googleapis.com 200
[debug] [2023-02-14T02:14:09.531Z] <<< [apiv2][body] GET https://serviceusage.googleapis.com/v1/projects/nftconcerts-v1/services/runtimeconfig.googleapis.com [omitted]
[debug] [2023-02-14T02:14:09.531Z] >>> [apiv2][query] GET https://firebase.googleapis.com/v1beta1/projects/nftconcerts-v1/adminSdkConfig [none]
[debug] [2023-02-14T02:14:09.945Z] <<< [apiv2][status] GET https://firebase.googleapis.com/v1beta1/projects/nftconcerts-v1/adminSdkConfig 200
[debug] [2023-02-14T02:14:09.945Z] <<< [apiv2][body] GET https://firebase.googleapis.com/v1beta1/projects/nftconcerts-v1/adminSdkConfig {"projectId":"nftconcerts-v1","databaseURL":"https://nftconcerts-v1-default-rtdb.firebaseio.com","storageBucket":"nftconcerts-v1.appspot.com","locationId":"us-central"}
[debug] [2023-02-14T02:14:09.946Z] >>> [apiv2][query] GET https://runtimeconfig.googleapis.com/v1beta1/projects/nftconcerts-v1/configs [none]
[debug] [2023-02-14T02:14:10.340Z] <<< [apiv2][status] GET https://runtimeconfig.googleapis.com/v1beta1/projects/nftconcerts-v1/configs 200
[debug] [2023-02-14T02:14:10.340Z] <<< [apiv2][body] GET https://runtimeconfig.googleapis.com/v1beta1/projects/nftconcerts-v1/configs {}
[info] i  functions: preparing codebase default for deployment 
[debug] [2023-02-14T02:14:10.341Z] Validating nodejs source
[warn] ⚠  functions: package.json indicates an outdated version of firebase-functions. Please upgrade using npm install --save firebase-functions@latest in your functions directory. 
[warn] ⚠  functions: Please note that there will be breaking changes when you upgrade. 
[debug] [2023-02-14T02:14:12.851Z] > [functions] package.json contents: {
  "name": "functions",
  "description": "Cloud Functions for Firebase",
  "scripts": {
    "serve": "firebase emulators:start --only functions",
    "shell": "firebase functions:shell",
    "start": "npm run shell",
    "deploy": "firebase deploy --only functions",
    "logs": "firebase functions:log"
  },
  "engines": {
    "node": "16"
  },
  "main": "index.js",
  "dependencies": {
    "firebase-admin": "^10.0.2",
    "firebase-functions": "^3.18.0"
  },
  "devDependencies": {
    "firebase-functions-test": "^0.2.0"
  },
  "private": true
}
[debug] [2023-02-14T02:14:12.851Z] Building nodejs source
[debug] [2023-02-14T02:14:12.852Z] Could not find functions.yaml. Must use http discovery
[debug] [2023-02-14T02:14:13.103Z] Serving at port 9005

[debug] [2023-02-14T02:14:14.378Z] Got response from /__/functions.yaml {"endpoints":{"bigben":{"platform":"gcfv1","httpsTrigger":{},"entryPoint":"bigben"}},"specVersion":"v1alpha1","requiredAPIs":[]}
[debug] [2023-02-14T02:14:14.382Z] shutdown requested via /__/quitquitquit

[info] i  functions: preparing functions directory for uploading... 
[info] i  functions: packaged /Users/jimmy/NFT Concerts Build 2022/nftconcerts-v4/functions (54.79 KB) for uploading 
[debug] [2023-02-14T02:14:14.426Z] >>> [apiv2][query] GET https://cloudfunctions.googleapis.com/v1/projects/nftconcerts-v1/locations/-/functions [none]
[debug] [2023-02-14T02:14:15.192Z] <<< [apiv2][status] GET https://cloudfunctions.googleapis.com/v1/projects/nftconcerts-v1/locations/-/functions 200
[debug] [2023-02-14T02:14:15.192Z] <<< [apiv2][body] GET https://cloudfunctions.googleapis.com/v1/projects/nftconcerts-v1/locations/-/functions {"functions":[{"name":"projects/nftconcerts-v1/locations/us-central1/functions/bigben","httpsTrigger":{"url":"https://us-central1-nftconcerts-v1.cloudfunctions.net/bigben","securityLevel":"SECURE_ALWAYS"},"status":"ACTIVE","entryPoint":"bigben","timeout":"60s","availableMemoryMb":256,"serviceAccountEmail":"nftconcerts-v1@appspot.gserviceaccount.com","updateTime":"2022-12-15T09:59:08.555Z","versionId":"1","labels":{"deployment-tool":"cli-firebase","firebase-functions-hash":"ba783d4e5b9984d9aa7bc7e50b517ba8ee1de220"},"sourceUploadUrl":"https://storage.googleapis.com/uploads-568898217130.us-central1.cloudfunctions.appspot.com/e00680a5-e80d-4687-9867-d2d9b2dc87ee.zip","environmentVariables":{"FIREBASE_CONFIG":"{\"projectId\":\"nftconcerts-v1\",\"databaseURL\":\"https://nftconcerts-v1-default-rtdb.firebaseio.com\",\"storageBucket\":\"nftconcerts-v1.appspot.com\",\"locationId\":\"us-central\"}","GCLOUD_PROJECT":"nftconcerts-v1","EVENTARC_CLOUD_EVENT_SOURCE":"projects/nftconcerts-v1/locations/us-central1/functions/bigben"},"runtime":"nodejs16","ingressSettings":"ALLOW_ALL","buildId":"c73a3a11-d684-44b3-9b4d-169000bf639c","buildName":"projects/383291043901/locations/us-central1/builds/c73a3a11-d684-44b3-9b4d-169000bf639c","dockerRegistry":"ARTIFACT_REGISTRY"},{"name":"projects/nftconcerts-v1/locations/us-central1/functions/function-1","httpsTrigger":{"url":"https://us-central1-nftconcerts-v1.cloudfunctions.net/function-1","securityLevel":"SECURE_ALWAYS"},"status":"ACTIVE","entryPoint":"helloWorld","timeout":"60s","availableMemoryMb":256,"serviceAccountEmail":"nftconcerts-v1@appspot.gserviceaccount.com","updateTime":"2022-12-14T01:23:02.750Z","versionId":"1","labels":{"deployment-tool":"console-cloud"},"sourceUploadUrl":"https://storage.googleapis.com/uploads-568898217130.us-central1.cloudfunctions.appspot.com/931f29c5-df73-4f29-a540-6124f28ca1ab.zip","runtime":"nodejs16","maxInstances":3000,"ingressSettings":"ALLOW_ALL","buildId":"7a138349-4d0d-4adf-87b7-aca34670bc90","buildName":"projects/383291043901/locations/us-central1/builds/7a138349-4d0d-4adf-87b7-aca34670bc90","dockerRegistry":"CONTAINER_REGISTRY"},{"name":"projects/nftconcerts-v1/locations/us-central1/functions/p-function","httpsTrigger":{"url":"https://us-central1-nftconcerts-v1.cloudfunctions.net/p-function","securityLevel":"SECURE_OPTIONAL"},"status":"ACTIVE","entryPoint":"hello_world","timeout":"60s","availableMemoryMb":256,"serviceAccountEmail":"nftconcerts-v1@appspot.gserviceaccount.com","updateTime":"2022-12-22T19:43:08.050Z","versionId":"2","labels":{"deployment-tool":"console-cloud"},"sourceUploadUrl":"https://storage.googleapis.com/uploads-568898217130.us-central1.cloudfunctions.appspot.com/6ed6ab68-d7ee-4d8f-859c-f599341cc2de.zip","runtime":"python310","maxInstances":3000,"ingressSettings":"ALLOW_ALL","buildId":"9a45cf02-9566-4780-a09d-48ee73faa262","buildName":"projects/383291043901/locations/us-central1/builds/9a45cf02-9566-4780-a09d-48ee73faa262","dockerRegistry":"CONTAINER_REGISTRY"},{"name":"projects/nftconcerts-v1/locations/us-central1/functions/secret-function","httpsTrigger":{"url":"https://us-central1-nftconcerts-v1.cloudfunctions.net/secret-function","securityLevel":"SECURE_ALWAYS"},"status":"ACTIVE","entryPoint":"readSecret","timeout":"60s","availableMemoryMb":256,"serviceAccountEmail":"paper-secret@nftconcerts-v1.iam.gserviceaccount.com","updateTime":"2022-12-15T16:52:42.781Z","versionId":"2","labels":{"deployment-tool":"console-cloud"},"sourceUploadUrl":"https://storage.googleapis.com/uploads-568898217130.us-central1.cloudfunctions.appspot.com/d2c0f53d-f357-45cc-8268-17efaeb6da53.zip","runtime":"nodejs16","maxInstances":3000,"ingressSettings":"ALLOW_ALL","buildId":"9b1aa18b-9e5a-4a0d-ad56-641afe481c8b","secretVolumes":[{"mountPath":"/api","projectId":"383291043901","secret":"paper-api-key","versions":[{"version":"latest","path":"/paper-api-key"}]}],"buildName":"projects/383291043901/locations/us-central1/builds/9b1aa18b-9e5a-4a0d-ad56-641afe481c8b","dockerRegistry":"CONTAINER_REGISTRY"},{"name":"projects/nftconcerts-v1/locations/us-central1/functions/secure__function","httpsTrigger":{"url":"https://us-central1-nftconcerts-v1.cloudfunctions.net/secure__function","securityLevel":"SECURE_ALWAYS"},"status":"ACTIVE","entryPoint":"helloWorld","timeout":"60s","availableMemoryMb":256,"serviceAccountEmail":"nftconcerts-v1@appspot.gserviceaccount.com","updateTime":"2022-12-14T01:41:18.119Z","versionId":"1","labels":{"deployment-tool":"console-cloud"},"sourceUploadUrl":"https://storage.googleapis.com/uploads-568898217130.us-central1.cloudfunctions.appspot.com/90739e9b-4cfc-41db-a50f-b84bea53a26a.zip","runtime":"nodejs16","maxInstances":3000,"ingressSettings":"ALLOW_ALL","buildId":"d5f134da-bb80-4eb7-ac44-50f0b82f7044","buildName":"projects/383291043901/locations/us-central1/builds/d5f134da-bb80-4eb7-ac44-50f0b82f7044","dockerRegistry":"CONTAINER_REGISTRY"}]}
[debug] [2023-02-14T02:14:15.193Z] GCFv1 function has a deprecated runtime: {
  "name": "projects/nftconcerts-v1/locations/us-central1/functions/p-function",
  "httpsTrigger": {
    "url": "https://us-central1-nftconcerts-v1.cloudfunctions.net/p-function",
    "securityLevel": "SECURE_OPTIONAL"
  },
  "status": "ACTIVE",
  "entryPoint": "hello_world",
  "timeout": "60s",
  "availableMemoryMb": 256,
  "serviceAccountEmail": "nftconcerts-v1@appspot.gserviceaccount.com",
  "updateTime": "2022-12-22T19:43:08.050Z",
  "versionId": "2",
  "labels": {
    "deployment-tool": "console-cloud"
  },
  "sourceUploadUrl": "https://storage.googleapis.com/uploads-568898217130.us-central1.cloudfunctions.appspot.com/6ed6ab68-d7ee-4d8f-859c-f599341cc2de.zip",
  "runtime": "python310",
  "maxInstances": 3000,
  "ingressSettings": "ALLOW_ALL",
  "buildId": "9a45cf02-9566-4780-a09d-48ee73faa262",
  "buildName": "projects/383291043901/locations/us-central1/builds/9a45cf02-9566-4780-a09d-48ee73faa262",
  "dockerRegistry": "CONTAINER_REGISTRY"
}
[debug] [2023-02-14T02:14:15.194Z] >>> [apiv2][query] GET https://cloudfunctions.googleapis.com/v2/projects/nftconcerts-v1/locations/-/functions filter=environment%3D%22GEN_2%22
[debug] [2023-02-14T02:14:15.913Z] <<< [apiv2][status] GET https://cloudfunctions.googleapis.com/v2/projects/nftconcerts-v1/locations/-/functions 200
[debug] [2023-02-14T02:14:15.914Z] <<< [apiv2][body] GET https://cloudfunctions.googleapis.com/v2/projects/nftconcerts-v1/locations/-/functions {"functions":[{"name":"projects/nftconcerts-v1/locations/us-central1/functions/function-2","buildConfig":{"build":"projects/383291043901/locations/us-central1/builds/7b00df81-7b93-490e-ae37-b99c04d6a916","runtime":"nodejs16","entryPoint":"helloHttp","source":{"storageSource":{"bucket":"gcf-v2-sources-383291043901-us-central1","object":"function-2/function-source.zip"}},"sourceProvenance":{"resolvedStorageSource":{"bucket":"gcf-v2-sources-383291043901-us-central1","object":"function-2/function-source.zip","generation":"1670980427159750"}}},"serviceConfig":{"service":"projects/nftconcerts-v1/locations/us-central1/services/function-2","timeoutSeconds":60,"maxInstanceCount":1000,"ingressSettings":"ALLOW_ALL","uri":"https://function-2-asoz7q6yya-uc.a.run.app","serviceAccountEmail":"383291043901-compute@developer.gserviceaccount.com","availableMemory":"256Mi","allTrafficOnLatestRevision":true,"revision":"function-2-00002-muc","maxInstanceRequestConcurrency":1,"availableCpu":"0.1666"},"state":"ACTIVE","updateTime":"2022-12-14T01:14:36.578315419Z","labels":{"deployment-tool":"console-cloud"},"environment":"GEN_2"}]}
[debug] [2023-02-14T02:14:15.914Z] >>> [apiv2][query] GET https://run.googleapis.com/v1/projects/nftconcerts-v1/locations/us-central1/services/function-2 [none]
[debug] [2023-02-14T02:14:16.645Z] <<< [apiv2][status] GET https://run.googleapis.com/v1/projects/nftconcerts-v1/locations/us-central1/services/function-2 200
[debug] [2023-02-14T02:14:16.645Z] <<< [apiv2][body] GET https://run.googleapis.com/v1/projects/nftconcerts-v1/locations/us-central1/services/function-2 {"apiVersion":"serving.knative.dev/v1","kind":"Service","metadata":{"name":"function-2","namespace":"383291043901","selfLink":"/apis/serving.knative.dev/v1/namespaces/383291043901/services/function-2","uid":"96dfc0b2-679c-44e3-92fb-5003020a28b6","resourceVersion":"AAXvv3Wg3B4","generation":2,"labels":{"goog-managed-by":"cloudfunctions","goog-cloudfunctions-runtime":"nodejs16","cloud.googleapis.com/location":"us-central1"},"annotations":{"run.googleapis.com/client-name":"console-cloud","serving.knative.dev/creator":"service-383291043901@gcf-admin-robot.iam.gserviceaccount.com","serving.knative.dev/lastModifier":"service-383291043901@gcf-admin-robot.iam.gserviceaccount.com","client.knative.dev/user-image":"us-central1-docker.pkg.dev/nftconcerts-v1/gcf-artifacts/function--2:version_1","run.googleapis.com/operation-id":"6d12539c-8fcd-46dd-8f05-4959e949825d","run.googleapis.com/ingress":"all","run.googleapis.com/ingress-status":"all"},"creationTimestamp":"2022-12-14T01:11:14.209552Z"},"spec":{"template":{"metadata":{"name":"function-2-00002-muc","annotations":{"run.googleapis.com/client-name":"console-cloud","cloudfunctions.googleapis.com/trigger-type":"HTTP_TRIGGER","client.knative.dev/user-image":"us-central1-docker.pkg.dev/nftconcerts-v1/gcf-artifacts/function--2:version_1","autoscaling.knative.dev/maxScale":"1000","run.googleapis.com/cpu-throttling":"true","run.googleapis.com/startup-cpu-boost":"true"}},"spec":{"containerConcurrency":1,"timeoutSeconds":60,"serviceAccountName":"383291043901-compute@developer.gserviceaccount.com","containers":[{"image":"us-central1-docker.pkg.dev/nftconcerts-v1/gcf-artifacts/function--2:version_1","resources":{"limits":{"cpu":"0.1666","memory":"256Mi"}},"ports":[{"name":"http1","containerPort":8080}]}]}},"traffic":[{"percent":100,"latestRevision":true}]},"status":{"observedGeneration":2,"conditions":[{"type":"Ready","status":"True","lastTransitionTime":"2022-12-14T01:14:34.648561Z"},{"type":"ConfigurationsReady","status":"True","lastTransitionTime":"2022-12-14T01:14:28.689109Z"},{"type":"RoutesReady","status":"True","lastTransitionTime":"2022-12-14T01:14:34.821662Z"}],"latestReadyRevisionName":"function-2-00002-muc","latestCreatedRevisionName":"function-2-00002-muc","traffic":[{"revisionName":"function-2-00002-muc","percent":100,"latestRevision":true}],"url":"https://function-2-asoz7q6yya-uc.a.run.app","address":{"url":"https://function-2-asoz7q6yya-uc.a.run.app"}}}
[debug] [2023-02-14T02:14:16.652Z] >>> [apiv2][query] GET https://firebase.googleapis.com/v1beta1/projects/nftconcerts-v1 [none]
[debug] [2023-02-14T02:14:17.291Z] <<< [apiv2][status] GET https://firebase.googleapis.com/v1beta1/projects/nftconcerts-v1 200
[debug] [2023-02-14T02:14:17.291Z] <<< [apiv2][body] GET https://firebase.googleapis.com/v1beta1/projects/nftconcerts-v1 {"projectId":"nftconcerts-v1","projectNumber":"383291043901","displayName":"nftconcerts-v1","name":"projects/nftconcerts-v1","resources":{"hostingSite":"nftconcerts-v1","realtimeDatabaseInstance":"nftconcerts-v1-default-rtdb","storageBucket":"nftconcerts-v1.appspot.com","locationId":"us-central"},"state":"ACTIVE","etag":"1_60f91cbb-f4a0-4d8a-8ea7-610b2b83e6ff"}
[debug] [2023-02-14T02:14:17.294Z] >>> [apiv2][query] POST https://firebasehosting.googleapis.com/v1beta1/projects/-/sites/nftconcerts-v1/versions [none]
[debug] [2023-02-14T02:14:17.294Z] >>> [apiv2][body] POST https://firebasehosting.googleapis.com/v1beta1/projects/-/sites/nftconcerts-v1/versions {"status":"CREATED","labels":{"deployment-tool":"cli-firebase"}}
[debug] [2023-02-14T02:14:18.335Z] <<< [apiv2][status] POST https://firebasehosting.googleapis.com/v1beta1/projects/-/sites/nftconcerts-v1/versions 200
[debug] [2023-02-14T02:14:18.335Z] <<< [apiv2][body] POST https://firebasehosting.googleapis.com/v1beta1/projects/-/sites/nftconcerts-v1/versions {"name":"projects/383291043901/sites/nftconcerts-v1/versions/03919e129395fa05","status":"CREATED","config":{},"labels":{"deployment-tool":"cli-firebase"}}
[debug] [2023-02-14T02:14:18.336Z] >>> [apiv2][query] GET https://firebaserules.googleapis.com/v1/projects/nftconcerts-v1/releases pageSize=10&pageToken=
[debug] [2023-02-14T02:14:18.579Z] <<< [apiv2][status] GET https://firebaserules.googleapis.com/v1/projects/nftconcerts-v1/releases 200
[debug] [2023-02-14T02:14:18.579Z] <<< [apiv2][body] GET https://firebaserules.googleapis.com/v1/projects/nftconcerts-v1/releases {"releases":[{"name":"projects/nftconcerts-v1/releases/cloud.firestore","rulesetName":"projects/nftconcerts-v1/rulesets/aa6f27ea-6f6e-450c-ad63-39d01cefd4f4","createTime":"2022-02-03T06:06:23.916928Z","updateTime":"2023-02-14T01:23:20.526567Z"},{"name":"projects/nftconcerts-v1/releases/firebase.storage/nftconcerts-v1.appspot.com","rulesetName":"projects/nftconcerts-v1/rulesets/b876ef9f-0ffd-4386-a00a-e88c1b754527","createTime":"2022-02-03T05:51:35.870273Z","updateTime":"2023-02-14T01:23:20.148001Z"}]}
[debug] [2023-02-14T02:14:18.590Z] >>> [apiv2][query] GET https://firebaserules.googleapis.com/v1/projects/nftconcerts-v1/rulesets/b876ef9f-0ffd-4386-a00a-e88c1b754527 [none]
[debug] [2023-02-14T02:14:18.862Z] <<< [apiv2][status] GET https://firebaserules.googleapis.com/v1/projects/nftconcerts-v1/rulesets/b876ef9f-0ffd-4386-a00a-e88c1b754527 200
[debug] [2023-02-14T02:14:18.862Z] <<< [apiv2][body] GET https://firebaserules.googleapis.com/v1/projects/nftconcerts-v1/rulesets/b876ef9f-0ffd-4386-a00a-e88c1b754527 [omitted]
[info] i  storage: latest version of storage.rules already up to date, skipping upload... 
[debug] [2023-02-14T02:14:18.864Z] >>> [apiv2][query] GET https://firebaserules.googleapis.com/v1/projects/nftconcerts-v1/releases pageSize=10&pageToken=
[debug] [2023-02-14T02:14:18.865Z] >>> [apiv2][query] GET https://firestore.googleapis.com/v1/projects/nftconcerts-v1/databases/(default)/collectionGroups/-/indexes [none]
[debug] [2023-02-14T02:14:19.090Z] <<< [apiv2][status] GET https://firebaserules.googleapis.com/v1/projects/nftconcerts-v1/releases 200
[debug] [2023-02-14T02:14:19.090Z] <<< [apiv2][body] GET https://firebaserules.googleapis.com/v1/projects/nftconcerts-v1/releases {"releases":[{"name":"projects/nftconcerts-v1/releases/cloud.firestore","rulesetName":"projects/nftconcerts-v1/rulesets/aa6f27ea-6f6e-450c-ad63-39d01cefd4f4","createTime":"2022-02-03T06:06:23.916928Z","updateTime":"2023-02-14T01:23:20.526567Z"},{"name":"projects/nftconcerts-v1/releases/firebase.storage/nftconcerts-v1.appspot.com","rulesetName":"projects/nftconcerts-v1/rulesets/b876ef9f-0ffd-4386-a00a-e88c1b754527","createTime":"2022-02-03T05:51:35.870273Z","updateTime":"2023-02-14T01:23:20.148001Z"}]}
[debug] [2023-02-14T02:14:19.090Z] >>> [apiv2][query] GET https://firebaserules.googleapis.com/v1/projects/nftconcerts-v1/rulesets/aa6f27ea-6f6e-450c-ad63-39d01cefd4f4 [none]
[debug] [2023-02-14T02:14:19.384Z] <<< [apiv2][status] GET https://firestore.googleapis.com/v1/projects/nftconcerts-v1/databases/(default)/collectionGroups/-/indexes 200
[debug] [2023-02-14T02:14:19.384Z] <<< [apiv2][body] GET https://firestore.googleapis.com/v1/projects/nftconcerts-v1/databases/(default)/collectionGroups/-/indexes {}
[debug] [2023-02-14T02:14:19.384Z] >>> [apiv2][query] GET https://firestore.googleapis.com/v1/projects/nftconcerts-v1/databases/(default)/collectionGroups/-/fields?filter=indexConfig.usesAncestorConfig=false OR ttlConfig:* [none]
[debug] [2023-02-14T02:14:19.386Z] <<< [apiv2][status] GET https://firebaserules.googleapis.com/v1/projects/nftconcerts-v1/rulesets/aa6f27ea-6f6e-450c-ad63-39d01cefd4f4 200
[debug] [2023-02-14T02:14:19.386Z] <<< [apiv2][body] GET https://firebaserules.googleapis.com/v1/projects/nftconcerts-v1/rulesets/aa6f27ea-6f6e-450c-ad63-39d01cefd4f4 [omitted]
[info] i  firestore: latest version of firestore.rules already up to date, skipping upload... 
[debug] [2023-02-14T02:14:19.787Z] <<< [apiv2][status] GET https://firestore.googleapis.com/v1/projects/nftconcerts-v1/databases/(default)/collectionGroups/-/fields?filter=indexConfig.usesAncestorConfig=false OR ttlConfig:* 200
[debug] [2023-02-14T02:14:19.787Z] <<< [apiv2][body] GET https://firestore.googleapis.com/v1/projects/nftconcerts-v1/databases/(default)/collectionGroups/-/fields?filter=indexConfig.usesAncestorConfig=false OR ttlConfig:* {"fields":[{"name":"projects/nftconcerts-v1/databases/(default)/collectionGroups/__default__/fields/*","indexConfig":{"indexes":[{"queryScope":"COLLECTION","fields":[{"fieldPath":"*","order":"ASCENDING"}],"state":"READY"},{"queryScope":"COLLECTION","fields":[{"fieldPath":"*","order":"DESCENDING"}],"state":"READY"},{"queryScope":"COLLECTION","fields":[{"fieldPath":"*","arrayConfig":"CONTAINS"}],"state":"READY"}]}}]}
[info] ✔  firestore: deployed indexes in firestore.indexes.json successfully 
[debug] [2023-02-14T02:14:19.789Z] >>> [apiv2][query] POST https://cloudfunctions.googleapis.com/v1/projects/nftconcerts-v1/locations/us-central1/functions:generateUploadUrl [none]
[debug] [2023-02-14T02:14:19.789Z] >>> [apiv2][body] POST https://cloudfunctions.googleapis.com/v1/projects/nftconcerts-v1/locations/us-central1/functions:generateUploadUrl {}
[debug] [2023-02-14T02:14:20.478Z] <<< [apiv2][status] POST https://cloudfunctions.googleapis.com/v1/projects/nftconcerts-v1/locations/us-central1/functions:generateUploadUrl 200
[debug] [2023-02-14T02:14:20.478Z] <<< [apiv2][body] POST https://cloudfunctions.googleapis.com/v1/projects/nftconcerts-v1/locations/us-central1/functions:generateUploadUrl {"uploadUrl":"https://storage.googleapis.com/uploads-568898217130.us-central1.cloudfunctions.appspot.com/6cec74e1-bf28-4043-b73e-91b5710bcabb.zip?GoogleAccessId=service-383291043901@gcf-admin-robot.iam.gserviceaccount.com&Expires=1676342660&Signature=jCYxYEQ0T0H3WL861SV7rXn6aI0%2FYZBaqB69qz%2BangqgkULFnmHYrNhzi7GEFO3WNmgrCtF5aNUTCTTDugaCyDXZjZSj8kKQZWqaJ4SmXdEWvTI05Ng7WjGE8IoMECpOMG3W3gjSjdPd%2BVMvwS5HLNXjHc6f3ql5O7dnzVgZpKD3J93eQEy55zXBXOnSnfzZxzFE%2BFtd0QtvO6s75f5iGBomUIzCD0rwhIu%2FLdDl0Xb2o3aF2yUvpD0QuPEcS8T%2B%2B%2B7Bu5ORlHankqcK5pcZh23yp5kLkZwfEZApelwlk1EF%2FUF39puRd9USUen8DGeVBMmMPtCQlW50C%2FDgwg%2BqvA%3D%3D"}
[debug] [2023-02-14T02:14:20.479Z] >>> [apiv2][query] PUT https://storage.googleapis.com/uploads-568898217130.us-central1.cloudfunctions.appspot.com/6cec74e1-bf28-4043-b73e-91b5710bcabb.zip GoogleAccessId=service-383291043901%40gcf-admin-robot.iam.gserviceaccount.com&Expires=1676342660&Signature=jCYxYEQ0T0H3WL861SV7rXn6aI0%2FYZBaqB69qz%2BangqgkULFnmHYrNhzi7GEFO3WNmgrCtF5aNUTCTTDugaCyDXZjZSj8kKQZWqaJ4SmXdEWvTI05Ng7WjGE8IoMECpOMG3W3gjSjdPd%2BVMvwS5HLNXjHc6f3ql5O7dnzVgZpKD3J93eQEy55zXBXOnSnfzZxzFE%2BFtd0QtvO6s75f5iGBomUIzCD0rwhIu%2FLdDl0Xb2o3aF2yUvpD0QuPEcS8T%2B%2B%2B7Bu5ORlHankqcK5pcZh23yp5kLkZwfEZApelwlk1EF%2FUF39puRd9USUen8DGeVBMmMPtCQlW50C%2FDgwg%2BqvA%3D%3D
[debug] [2023-02-14T02:14:20.479Z] >>> [apiv2][body] PUT https://storage.googleapis.com/uploads-568898217130.us-central1.cloudfunctions.appspot.com/6cec74e1-bf28-4043-b73e-91b5710bcabb.zip [stream]
